# JRE version: Java(TM) SE Runtime Environment (7.0_45-b18) (build 1.7.0_45-b18)
# Java VM: Java HotSpot(TM) Client VM (24.45-b08 mixed mode windows-x86 )
Heap
 def new generation   total 13824K, used 5587K [0x047e0000, 0x056d0000, 0x09d30000)
  eden space 12352K,  45% used [0x047e0000, 0x04d54ce8, 0x053f0000)
  from space 1472K,   0% used [0x053f0000, 0x053f0000, 0x05560000)
  to   space 1472K,   0% used [0x05560000, 0x05560000, 0x056d0000)
 tenured generation   total 30544K, used 18324K [0x09d30000, 0x0bb04000, 0x147e0000)
   the space 30544K,  59% used [0x09d30000, 0x0af15390, 0x0af15400, 0x0bb04000)
 compacting perm gen  total 12288K, used 7970K [0x147e0000, 0x153e0000, 0x187e0000)
   the space 12288K,  64% used [0x147e0000, 0x14fa89f0, 0x14fa8a00, 0x153e0000)
GC Heap History (10 events):
Event: 20.447 GC heap after
Heap after GC invocations=11 (full 10):
 def new generation   total 8256K, used 896K [0x047e0000, 0x050d0000, 0x09d30000)
  eden space 7360K,   0% used [0x047e0000, 0x047e0000, 0x04f10000)
  from space 896K, 100% used [0x04ff0000, 0x050d0000, 0x050d0000)
  to   space 896K,   0% used [0x04f10000, 0x04f10000, 0x04ff0000)
 tenured generation   total 18164K, used 11851K [0x09d30000, 0x0aeed000, 0x147e0000)
   the space 18164K,  65% used [0x09d30000, 0x0a8c2eb0, 0x0a8c3000, 0x0aeed000)
 compacting perm gen  total 12288K, used 5676K [0x147e0000, 0x153e0000, 0x187e0000)
   the space 12288K,  46% used [0x147e0000, 0x14d6b138, 0x14d6b200, 0x153e0000)
No shared spaces configured.
}
Event: 20.552 GC heap before
{Heap before GC invocations=11 (full 10):
 def new generation   total 8256K, used 8256K [0x047e0000, 0x050d0000, 0x09d30000)
  eden space 7360K, 100% used [0x047e0000, 0x04f10000, 0x04f10000)
  from space 896K, 100% used [0x04ff0000, 0x050d0000, 0x050d0000)
  to   space 896K,   0% used [0x04f10000, 0x04f10000, 0x04ff0000)
 tenured generation   total 18164K, used 11851K [0x09d30000, 0x0aeed000, 0x147e0000)
   the space 18164K,  65% used [0x09d30000, 0x0a8c2eb0, 0x0a8c3000, 0x0aeed000)
 compacting perm gen  total 12288K, used 6389K [0x147e0000, 0x153e0000, 0x187e0000)
   the space 12288K,  52% used [0x147e0000, 0x14e1d7c0, 0x14e1d800, 0x153e0000)
No shared spaces configured.
Event: 20.560 GC heap after
Heap after GC invocations=12 (full 10):
 def new generation   total 8256K, used 896K [0x047e0000, 0x050d0000, 0x09d30000)
  eden space 7360K,   0% used [0x047e0000, 0x047e0000, 0x04f10000)
  from space 896K, 100% used [0x04f10000, 0x04ff0000, 0x04ff0000)
  to   space 896K,   0% used [0x04ff0000, 0x04ff0000, 0x050d0000)
 tenured generation   total 18164K, used 13583K [0x09d30000, 0x0aeed000, 0x147e0000)
   the space 18164K,  74% used [0x09d30000, 0x0aa73d18, 0x0aa73e00, 0x0aeed000)
 compacting perm gen  total 12288K, used 6389K [0x147e0000, 0x153e0000, 0x187e0000)
   the space 12288K,  52% used [0x147e0000, 0x14e1d7c0, 0x14e1d800, 0x153e0000)
No shared spaces configured.
}
Event: 22.288 GC heap before
{Heap before GC invocations=12 (full 10):
 def new generation   total 8256K, used 8256K [0x047e0000, 0x050d0000, 0x09d30000)
  eden space 7360K, 100% used [0x047e0000, 0x04f10000, 0x04f10000)
  from space 896K, 100% used [0x04f10000, 0x04ff0000, 0x04ff0000)
  to   space 896K,   0% used [0x04ff0000, 0x04ff0000, 0x050d0000)
 tenured generation   total 18164K, used 13583K [0x09d30000, 0x0aeed000, 0x147e0000)
   the space 18164K,  74% used [0x09d30000, 0x0aa73d18, 0x0aa73e00, 0x0aeed000)
 compacting perm gen  total 12288K, used 7829K [0x147e0000, 0x153e0000, 0x187e0000)
   the space 12288K,  63% used [0x147e0000, 0x14f85440, 0x14f85600, 0x153e0000)
No shared spaces configured.
Event: 22.298 GC heap after
Heap after GC invocations=13 (full 10):
 def new generation   total 8256K, used 896K [0x047e0000, 0x050d0000, 0x09d30000)
  eden space 7360K,   0% used [0x047e0000, 0x047e0000, 0x04f10000)
  from space 896K, 100% used [0x04ff0000, 0x050d0000, 0x050d0000)
  to   space 896K,   0% used [0x04f10000, 0x04f10000, 0x04ff0000)
 tenured generation   total 18164K, used 15194K [0x09d30000, 0x0aeed000, 0x147e0000)
   the space 18164K,  83% used [0x09d30000, 0x0ac06808, 0x0ac06a00, 0x0aeed000)
 compacting perm gen  total 12288K, used 7829K [0x147e0000, 0x153e0000, 0x187e0000)
   the space 12288K,  63% used [0x147e0000, 0x14f85440, 0x14f85600, 0x153e0000)
No shared spaces configured.
}
Event: 52.027 GC heap before
{Heap before GC invocations=13 (full 10):
 def new generation   total 8256K, used 7040K [0x047e0000, 0x050d0000, 0x09d30000)
  eden space 7360K,  83% used [0x047e0000, 0x04de0388, 0x04f10000)
  from space 896K, 100% used [0x04ff0000, 0x050d0000, 0x050d0000)
  to   space 896K,   0% used [0x04f10000, 0x04f10000, 0x04ff0000)
 tenured generation   total 18164K, used 15194K [0x09d30000, 0x0aeed000, 0x147e0000)
   the space 18164K,  83% used [0x09d30000, 0x0ac06808, 0x0ac06a00, 0x0aeed000)
 compacting perm gen  total 12288K, used 7937K [0x147e0000, 0x153e0000, 0x187e0000)
   the space 12288K,  64% used [0x147e0000, 0x14fa0478, 0x14fa0600, 0x153e0000)
No shared spaces configured.
Event: 52.054 GC heap after
Heap after GC invocations=14 (full 11):
 def new generation   total 11008K, used 5389K [0x047e0000, 0x053d0000, 0x09d30000)
  eden space 9792K,  55% used [0x047e0000, 0x04d237f8, 0x05170000)
  from space 1216K,   0% used [0x05170000, 0x05170000, 0x052a0000)
  to   space 1216K,   0% used [0x052a0000, 0x052a0000, 0x053d0000)
 tenured generation   total 24324K, used 14592K [0x09d30000, 0x0b4f1000, 0x147e0000)
   the space 24324K,  59% used [0x09d30000, 0x0ab703d0, 0x0ab70400, 0x0b4f1000)
 compacting perm gen  total 12288K, used 7937K [0x147e0000, 0x153e0000, 0x187e0000)
   the space 12288K,  64% used [0x147e0000, 0x14fa0478, 0x14fa0600, 0x153e0000)
No shared spaces configured.
}
Event: 52.065 GC heap before
{Heap before GC invocations=14 (full 11):
 def new generation   total 11008K, used 5655K [0x047e0000, 0x053d0000, 0x09d30000)
  eden space 9792K,  57% used [0x047e0000, 0x04d65c18, 0x05170000)
  from space 1216K,   0% used [0x05170000, 0x05170000, 0x052a0000)
  to   space 1216K,   0% used [0x052a0000, 0x052a0000, 0x053d0000)
 tenured generation   total 24324K, used 14592K [0x09d30000, 0x0b4f1000, 0x147e0000)
   the space 24324K,  59% used [0x09d30000, 0x0ab703d0, 0x0ab70400, 0x0b4f1000)
 compacting perm gen  total 12288K, used 7942K [0x147e0000, 0x153e0000, 0x187e0000)
   the space 12288K,  64% used [0x147e0000, 0x14fa1838, 0x14fa1a00, 0x153e0000)
No shared spaces configured.
Event: 52.095 GC heap after
Heap after GC invocations=15 (full 12):
 def new generation   total 13824K, used 0K [0x047e0000, 0x056d0000, 0x09d30000)
  eden space 12352K,   0% used [0x047e0000, 0x047e0000, 0x053f0000)
  from space 1472K,   0% used [0x053f0000, 0x053f0000, 0x05560000)
  to   space 1472K,   0% used [0x05560000, 0x05560000, 0x056d0000)
 tenured generation   total 30544K, used 18324K [0x09d30000, 0x0bb04000, 0x147e0000)
   the space 30544K,  59% used [0x09d30000, 0x0af15390, 0x0af15400, 0x0bb04000)
 compacting perm gen  total 12288K, used 7933K [0x147e0000, 0x153e0000, 0x187e0000)
   the space 12288K,  64% used [0x147e0000, 0x14f9f4f8, 0x14f9f600, 0x153e0000)
No shared spaces configured.
}
Event: 296.968 GC heap before
{Heap before GC invocations=15 (full 12):
 def new generation   total 13824K, used 5586K [0x047e0000, 0x056d0000, 0x09d30000)
  eden space 12352K,  45% used [0x047e0000, 0x04d54bf8, 0x053f0000)
  from space 1472K,   0% used [0x053f0000, 0x053f0000, 0x05560000)
  to   space 1472K,   0% used [0x05560000, 0x05560000, 0x056d0000)
 tenured generation   total 30544K, used 18324K [0x09d30000, 0x0bb04000, 0x147e0000)
   the space 30544K,  59% used [0x09d30000, 0x0af15390, 0x0af15400, 0x0bb04000)
 compacting perm gen  total 12288K, used 7970K [0x147e0000, 0x153e0000, 0x187e0000)
   the space 12288K,  64% used [0x147e0000, 0x14fa89f0, 0x14fa8a00, 0x153e0000)
No shared spaces configured.

