<?xml version="1.0" encoding="UTF-8"?>
<!-- Generated by org.testng.reporters.JUnitXMLReporter -->
<testsuite hostname="NGZ280" name="demopackage3" tests="3" failures="0" timestamp="29 Dec 2016 09:20:46 GMT" time="196.661" errors="0">
  <testcase name="testExecutionTime" time="0.281" classname="com.test.ExecutionTime"/>
  <testcase name="getTestSuitName" time="196.309" classname="com.test.Framework"/>
  <testcase name="getNameOfTxtFileFromReportFolder" time="0.01" classname="com.test.HTMLBatchRunner"/>
</testsuite> <!-- demopackage3 -->
