<?xml version="1.0" encoding="UTF-8"?>
<!-- Generated by org.testng.reporters.JUnitXMLReporter -->
<testsuite hostname="NGZ280" name="demopackage2" tests="3" failures="0" timestamp="29 Dec 2016 09:20:57 GMT" time="207.783" errors="0">
  <testcase name="testExecutionTime" time="0.243" classname="com.test.ExecutionTime"/>
  <testcase name="getTestSuitName" time="207.518" classname="com.test.Framework"/>
  <testcase name="getNameOfTxtFileFromReportFolder" time="0.001" classname="com.test.HTMLBatchRunner"/>
</testsuite> <!-- demopackage2 -->
